GAME: Bertrand's monopoly
PLAYER 0: AdaptGreedyPlayer
  alpha = 0.1, beta = 2e-06, gamma = 0.95, horizon = 1,
  #actions = 15, actions = [1.601565   1.61169214 1.62181929 1.63194643 1.64207357 1.65220071
 1.66232786 1.672455   1.68258214 1.69270929 1.70283643 1.71296357
 1.72309071 1.73321786 1.743345  ].
PLAYER 1: AdaptGreedyPlayer
  alpha = 0.1, beta = 2e-06, gamma = 0.95, horizon = 1,
  #actions = 15, actions = [1.601565   1.61169214 1.62181929 1.63194643 1.64207357 1.65220071
 1.66232786 1.672455   1.68258214 1.69270929 1.70283643 1.71296357
 1.72309071 1.73321786 1.743345  ].


  P0 |   0   1   2   3   4   5   6   7   8   9  10  11  12  13  14
------ --- --- --- --- --- --- --- --- --- --- --- --- --- --- ---
   0 |   1   1   1   1   1   1   1   1   1   1   1   1   1   1   1
   1 |   1   1   1   1   1   1   1   1   1   1   1   1   1   1   1
   2 |   1   1   1   1   1   1   1   1   1   1   1   1   1   1   1
   3 |   1   1   1   1   1   1   1   1   1   1   1   1   1   1   1
   4 |   1   1   1   1   1   1   1   1   1   1   1   1   1   1   1
   5 |   1   1   1   1   1   1   1   1   1   1   1   1   1   1   1
   6 |   1   1   1   1   1   1   1   1   1   1   1   1   1   1   1
   7 |   1   1   1   1   1   1   1   1   1   1   1   1   1   1   1
   8 |   1   1   1   1   1   1   1   1   1   1   1   1   1   1   1
   9 |   1   1   1   1   1   1   1   1   1   1   1   1   1   1   1
  10 |   1   1   1   1   1   1   1   1   1   1   1   1   1   1   1
  11 |   1   1   1   1   1   1   1   1   1   1   1   1   1   1   1
  12 |   1   1   1   1   1   1   1   1   1   1   1   1   1   1   1
  13 |   1   1   1   1   1   1   1   1   1   1   1   1   1   1   1
  14 |   1   1   1   1   1   1   1   1   1   1   1   1   1   1   1
==================================================================
  P1 |   0   1   2   3   4   5   6   7   8   9  10  11  12  13  14
------ --- --- --- --- --- --- --- --- --- --- --- --- --- --- ---
   0 |   1   1   1   1   1   1   1   1   1   1   1   1   1   1   1
   1 |   1   1   1   1   1   1   1   1   1   1   1   1   1   1   1
   2 |   1   1   1   1   1   1   1   1   1   1   1   1   1   1   1
   3 |   1   1   1   1   1   1   1   1   1   1   1   1   1   1   1
   4 |   1   1   1   1   1   1   1   1   1   1   1   1   1   1   1
   5 |   1   1   1   1   1   1   1   1   1   1   1   1   1   1   1
   6 |   1   1   1   1   1   1   1   1   1   1   1   1   1   1   1
   7 |   1   1   1   1   1   1   1   1   1   1   1   1   1   1   1
   8 |   1   1   1   1   1   1   1   1   1   1   1   1   1   1   1
   9 |   1   1   1   1   1   1   1   1   1   1   1   1   1   1   1
  10 |   1   1   1   1   1   1   1   1   1   1   1   1   1   1   1
  11 |   1   1   1   1   1   1   1   1   1   1   1   1   1   1   1
  12 |   1   1   1   1   1   1   1   1   1   1   1   1   1   1   1
  13 |   1   1   1   1   1   1   1   1   1   1   1   1   1   1   1
  14 |   1   1   1   1   1   1   1   1   1   1   1   1   1   1   1
==================================================================
Eval at time step 0.

GAME: Bertrand's monopoly
PLAYER 0: AdaptGreedyPlayer
  alpha = 0.1, beta = 2e-06, gamma = 0.95, horizon = 1,
  #actions = 15, actions = [1.601565   1.61169214 1.62181929 1.63194643 1.64207357 1.65220071
 1.66232786 1.672455   1.68258214 1.69270929 1.70283643 1.71296357
 1.72309071 1.73321786 1.743345  ].
PLAYER 1: AdaptGreedyPlayer
  alpha = 0.1, beta = 2e-06, gamma = 0.95, horizon = 1,
  #actions = 15, actions = [1.601565   1.61169214 1.62181929 1.63194643 1.64207357 1.65220071
 1.66232786 1.672455   1.68258214 1.69270929 1.70283643 1.71296357
 1.72309071 1.73321786 1.743345  ].


  P0 |   0   1   2   3   4   5   6   7   8   9  10  11  12  13  14
------ --- --- --- --- --- --- --- --- --- --- --- --- --- --- ---
   0 |   1   1   1   2   1   1   1   1   1   1   1   1   1   1   1
   1 |   2   1   1   1   2   1   1   2   1   1   1   1   1   1   1
   2 |   2   1   2   1   2   1   1   1   1   1   1   1   1   1   2
   3 |   1   1   1   2   1   2   1   1   2   1   1   1   1   1   1
   4 |   2   1   2   1   1   1   1   2   1   1   1   1   2   2   1
   5 |   2   2   1   1   1   1   1   1   1   2   1   1   2   1   1
   6 |   2   1   1   1   1   1   1   1   1   1   1   1   1   1   1
   7 |   2   1   2   1   1   2   1   1   1   1   1   1   2   1   1
   8 |   1   1   2   1   1   1   1   1   2   1   1   2   1   1   1
   9 |   1   2   1   1   1   2   1   1   1   1   1   1   1   1   2
  10 |   1   1   1   2   2   1   1   1   1   1   2   1   1   1   2
  11 |   1   1   1   1   1   1   1   1   1   1   1   1   2   1   1
  12 |   2   1   1   2   1   1   1   1   2   1   1   1   1   1   1
  13 |   1   1   2   1   1   1   1   1   1   1   1   2   1   1   2
  14 |   1   1   1   2   1   1   1   1   1   2   1   1   1   1   2
==================================================================
  P1 |   0   1   2   3   4   5   6   7   8   9  10  11  12  13  14
------ --- --- --- --- --- --- --- --- --- --- --- --- --- --- ---
   0 |   1   1   1   1   1   1   1   1   1   2   1   1   1   2   1
   1 |   1   1   1   1   1   1   1   1   1   1   1   1   1   1   1
   2 |   2   1   1   1   1   1   1   1   2   1   1   1   1   2   1
   3 |   1   1   1   1   1   1   1   1   1   1   1   1   1   1   2
   4 |   1   1   1   1   1   1   1   1   2   1   1   2   1   1   1
   5 |   2   1   1   1   1   1   1   1   1   1   1   1   1   1   1
   6 |   1   1   1   1   1   1   1   1   2   1   1   1   1   1   1
   7 |   2   1   1   1   1   1   2   1   1   2   1   2   1   1   1
   8 |   1   1   1   1   1   1   1   1   2   1   1   2   1   1   1
   9 |   1   1   1   1   1   1   1   1   1   2   1   1   2   1   1
  10 |   1   1   1   1   1   1   1   2   1   1   2   1   1   2   1
  11 |   2   1   2   1   1   1   1   2   1   1   1   1   1   2   1
  12 |   1   1   1   1   1   1   2   2   1   1   1   1   1   1   1
  13 |   1   1   1   1   1   1   1   1   1   1   2   1   1   1   1
  14 |   1   2   1   1   2   1   1   1   1   2   1   1   1   2   2
==================================================================
  P0 |   0   1   2   3   4   5   6   7   8   9  10  11  12  13  14
------ --- --- --- --- --- --- --- --- --- --- --- --- --- --- ---
   0 |   1   1   1   2   1   1   1   1   1   1   1   1   1   1   1
   1 |   2   1   1   1   2   1   1   2   1   1   1   1   1   1   1
   2 |   2   1   2   1   2   1   1   1   1   1   1   1   1   1   2
   3 |   1   1   1   2   1   2   1   1   2   1   1   1   1   1   1
   4 |   2   1   2   1   1   1   1   2   1   1   1   1   2   2   1
   5 |   2   2   1   1   1   1   1   1   1   2   1   1   2   1   1
   6 |   2   1   1   1   1   1   1   1   1   1   1   1   1   1   1
   7 |   2   1   2   1   1   2   1   1   1   1   1   1   2   1   1
   8 |   1   1   2   1   1   1   1   1   2   1   1   2   1   1   1
   9 |   1   2   1   1   1   2   1   1   1   1   1   1   1   1   2
  10 |   1   1   1   2   2   1   1   1   1   1   2   1   1   1   2
  11 |   1   1   1   1   1   1   1   1   1   1   1   1   2   1   1
  12 |   2   1   1   2   1   1   1   1   2   1   1   1   1   1   1
  13 |   1   1   2   1   1   1   1   1   1   1   1   2   1   1   2
  14 |   1   1   1   2   1   1   1   1   1   2   1   1   1   1   2
==================================================================
  P1 |   0   1   2   3   4   5   6   7   8   9  10  11  12  13  14
------ --- --- --- --- --- --- --- --- --- --- --- --- --- --- ---
   0 |   1   1   1   1   1   1   1   1   1   2   1   1   1   2   1
   1 |   1   1   1   1   1   1   1   1   1   1   1   1   1   1   1
   2 |   2   1   1   1   1   1   1   1   2   1   1   1   1   2   1
   3 |   1   1   1   1   1   1   1   1   1   1   1   1   1   1   2
   4 |   1   1   1   1   1   1   1   1   2   1   1   2   1   1   1
   5 |   2   1   1   1   1   1   1   1   1   1   1   1   1   1   1
   6 |   1   1   1   1   1   1   1   1   2   1   1   1   1   1   1
   7 |   2   1   1   1   1   1   2   1   1   2   1   2   1   1   1
   8 |   1   1   1   1   1   1   1   1   2   1   1   2   1   1   1
   9 |   1   1   1   1   1   1   1   1   1   2   1   1   2   1   1
  10 |   1   1   1   1   1   1   1   2   1   1   2   1   1   2   1
  11 |   2   1   2   1   1   1   1   2   1   1   1   1   1   2   1
  12 |   1   1   1   1   1   1   2   2   1   1   1   1   1   1   1
  13 |   1   1   1   1   1   1   1   1   1   1   2   1   1   1   1
  14 |   1   2   1   1   2   1   1   1   1   2   1   1   1   2   2
==================================================================
Eval at time step 1000000.

GAME: Bertrand's monopoly
PLAYER 0: AdaptGreedyPlayer
  alpha = 0.1, beta = 2e-06, gamma = 0.95, horizon = 1,
  #actions = 15, actions = [1.601565   1.61169214 1.62181929 1.63194643 1.64207357 1.65220071
 1.66232786 1.672455   1.68258214 1.69270929 1.70283643 1.71296357
 1.72309071 1.73321786 1.743345  ].
PLAYER 1: AdaptGreedyPlayer
  alpha = 0.1, beta = 2e-06, gamma = 0.95, horizon = 1,
  #actions = 15, actions = [1.601565   1.61169214 1.62181929 1.63194643 1.64207357 1.65220071
 1.66232786 1.672455   1.68258214 1.69270929 1.70283643 1.71296357
 1.72309071 1.73321786 1.743345  ].


  P0 |   0   1   2   3   4   5   6   7   8   9  10  11  12  13  14
------ --- --- --- --- --- --- --- --- --- --- --- --- --- --- ---
   0 |   1   1   1   2   2   1   1   1   1   1   1   2   1   1   1
   1 |   2   1   1   1   2   2   2   2   1   1   1   1   1   1   1
   2 |   2   1   2   1   2   1   1   1   1   1   1   1   1   1   2
   3 |   1   2   1   2   1   2   2   1   2   1   1   1   1   1   1
   4 |   2   1   2   1   1   1   1   1   1   1   1   1   2   1   1
   5 |   2   1   1   1   1   1   2   1   1   2   1   1   2   1   1
   6 |   2   1   1   1   1   1   1   1   1   1   2   1   1   2   1
   7 |   1   1   2   2   1   2   1   1   1   2   1   1   1   1   1
   8 |   2   2   2   1   1   1   1   1   2   1   1   1   2   1   1
   9 |   2   2   1   1   1   2   2   1   1   1   1   1   2   1   2
  10 |   1   2   1   2   2   1   1   1   1   1   2   1   1   2   2
  11 |   1   1   1   1   1   1   1   2   1   1   1   1   2   1   1
  12 |   2   1   1   2   1   1   2   2   2   1   1   1   1   1   1
  13 |   1   1   2   1   1   2   2   1   1   1   1   2   1   1   1
  14 |   1   1   1   2   1   1   1   1   1   2   1   1   1   2   2
==================================================================
  P1 |   0   1   2   3   4   5   6   7   8   9  10  11  12  13  14
------ --- --- --- --- --- --- --- --- --- --- --- --- --- --- ---
   0 |   1   1   1   1   1   1   1   1   1   2   1   1   1   2   1
   1 |   1   1   1   1   1   1   1   1   1   2   2   1   1   2   1
   2 |   2   1   1   1   1   1   1   1   1   1   1   1   1   2   1
   3 |   1   1   2   1   1   1   1   1   1   1   1   1   1   2   2
   4 |   1   1   1   1   1   2   1   1   2   1   1   2   1   1   2
   5 |   2   1   1   1   1   2   2   1   1   1   1   1   1   1   1
   6 |   1   1   1   1   1   1   1   1   2   1   2   2   1   2   2
   7 |   1   1   1   1   1   1   2   1   1   2   1   2   1   1   1
   8 |   1   1   1   1   1   1   1   1   2   1   1   1   2   2   1
   9 |   1   1   1   1   1   1   2   2   1   2   1   1   2   1   2
  10 |   1   1   1   1   1   1   1   2   1   1   1   1   1   2   1
  11 |   2   2   1   1   1   1   2   1   1   1   2   1   1   2   1
  12 |   1   1   2   2   1   1   2   2   1   1   1   1   1   1   1
  13 |   2   1   1   1   1   1   2   1   1   1   2   1   2   1   1
  14 |   1   2   1   1   2   1   1   2   1   2   1   1   1   1   2
==================================================================
  P0 |   0   1   2   3   4   5   6   7   8   9  10  11  12  13  14
------ --- --- --- --- --- --- --- --- --- --- --- --- --- --- ---
   0 |   1   1   1   2   2   1   1   1   1   1   1   2   1   1   1
   1 |   2   1   1   1   2   2   2   2   1   1   1   1   1   1   1
   2 |   2   1   2   1   2   1   1   1   1   1   1   1   1   1   2
   3 |   1   2   1   2   1   2   2   1   2   1   1   1   1   1   1
   4 |   2   1   2   1   1   1   1   1   1   1   1   1   2   1   1
   5 |   2   1   1   1   1   1   2   1   1   2   1   1   2   1   1
   6 |   2   1   1   1   1   1   1   1   1   1   2   1   1   2   1
   7 |   1   1   2   2   1   2   1   1   1   2   1   1   1   1   1
   8 |   2   2   2   1   1   1   1   1   2   1   1   1   2   1   1
   9 |   2   2   1   1   1   2   2   1   1   1   1   1   2   1   2
  10 |   1   2   1   2   2   1   1   1   1   1   2   1   1   2   2
  11 |   1   1   1   1   1   1   1   2   1   1   1   1   2   1   1
  12 |   2   1   1   2   1   1   2   2   2   1   1   1   1   1   1
  13 |   1   1   2   1   1   2   2   1   1   1   1   2   1   1   1
  14 |   1   1   1   2   1   1   1   1   1   2   1   1   1   2   2
==================================================================
  P1 |   0   1   2   3   4   5   6   7   8   9  10  11  12  13  14
------ --- --- --- --- --- --- --- --- --- --- --- --- --- --- ---
   0 |   1   1   1   1   1   1   1   1   1   2   1   1   1   2   1
   1 |   1   1   1   1   1   1   1   1   1   2   2   1   1   2   1
   2 |   2   1   1   1   1   1   1   1   1   1   1   1   1   2   1
   3 |   1   1   2   1   1   1   1   1   1   1   1   1   1   2   2
   4 |   1   1   1   1   1   2   1   1   2   1   1   2   1   1   2
   5 |   2   1   1   1   1   2   2   1   1   1   1   1   1   1   1
   6 |   1   1   1   1   1   1   1   1   2   1   2   2   1   2   2
   7 |   1   1   1   1   1   1   2   1   1   2   1   2   1   1   1
   8 |   1   1   1   1   1   1   1   1   2   1   1   1   2   2   1
   9 |   1   1   1   1   1   1   2   2   1   2   1   1   2   1   2
  10 |   1   1   1   1   1   1   1   2   1   1   1   1   1   2   1
  11 |   2   2   1   1   1   1   2   1   1   1   2   1   1   2   1
  12 |   1   1   2   2   1   1   2   2   1   1   1   1   1   1   1
  13 |   2   1   1   1   1   1   2   1   1   1   2   1   2   1   1
  14 |   1   2   1   1   2   1   1   2   1   2   1   1   1   1   2
==================================================================
Eval at time step 2000000.

GAME: Bertrand's monopoly
PLAYER 0: AdaptGreedyPlayer
  alpha = 0.1, beta = 2e-06, gamma = 0.95, horizon = 1,
  #actions = 15, actions = [1.601565   1.61169214 1.62181929 1.63194643 1.64207357 1.65220071
 1.66232786 1.672455   1.68258214 1.69270929 1.70283643 1.71296357
 1.72309071 1.73321786 1.743345  ].
PLAYER 1: AdaptGreedyPlayer
  alpha = 0.1, beta = 2e-06, gamma = 0.95, horizon = 1,
  #actions = 15, actions = [1.601565   1.61169214 1.62181929 1.63194643 1.64207357 1.65220071
 1.66232786 1.672455   1.68258214 1.69270929 1.70283643 1.71296357
 1.72309071 1.73321786 1.743345  ].


  P0 |   0   1   2   3   4   5   6   7   8   9  10  11  12  13  14
------ --- --- --- --- --- --- --- --- --- --- --- --- --- --- ---
   0 |   1   1   1   2   2   1   1   1   1   1   2   2   1   1   1
   1 |   2   1   1   1   2   2   2   1   2   2   1   1   1   1   1
   2 |   1   1   2   1   2   1   1   2   1   1   1   1   1   1   2
   3 |   1   2   1   2   1   1   2   1   2   1   1   1   1   1   1
   4 |   2   1   2   1   1   1   1   1   1   1   1   1   2   1   1
   5 |   2   1   1   1   1   1   2   1   1   2   1   1   2   1   1
   6 |   2   1   1   1   1   1   1   1   1   1   2   1   1   2   2
   7 |   2   2   2   2   1   2   1   1   1   2   1   1   1   1   1
   8 |   1   2   2   1   1   1   1   2   2   1   1   1   1   1   1
   9 |   2   2   1   1   1   2   2   1   1   1   1   1   2   1   2
  10 |   2   2   1   2   1   1   1   1   1   1   2   1   1   2   1
  11 |   1   1   1   1   1   1   1   2   1   1   1   1   2   1   1
  12 |   2   1   1   2   1   2   1   2   2   1   1   1   1   1   1
  13 |   1   2   2   1   1   2   2   1   1   2   1   2   1   1   1
  14 |   1   1   1   1   1   1   1   1   1   2   2   2   1   2   2
==================================================================
  P1 |   0   1   2   3   4   5   6   7   8   9  10  11  12  13  14
------ --- --- --- --- --- --- --- --- --- --- --- --- --- --- ---
   0 |   1   1   1   1   1   1   1   2   1   2   1   1   1   2   1
   1 |   2   1   1   1   1   1   1   1   1   2   2   1   1   1   1
   2 |   2   1   1   1   1   1   1   1   1   1   1   1   1   2   1
   3 |   1   1   2   1   2   1   1   1   1   1   1   1   1   2   2
   4 |   2   1   1   1   1   2   1   1   2   1   1   2   1   1   2
   5 |   2   1   1   1   1   2   2   2   1   1   1   1   1   1   2
   6 |   1   1   1   1   1   1   1   1   2   1   2   1   1   2   2
   7 |   1   1   1   1   1   1   2   1   1   2   1   2   1   1   1
   8 |   1   2   1   2   1   1   1   1   2   1   1   1   1   2   2
   9 |   1   1   1   1   1   1   2   2   1   2   1   1   2   1   1
  10 |   2   1   1   1   1   1   1   2   1   1   1   1   1   2   1
  11 |   2   2   1   2   1   1   2   1   1   1   1   1   1   2   1
  12 |   2   1   2   2   1   1   2   2   1   1   1   2   1   1   1
  13 |   2   1   1   1   1   1   1   1   1   1   2   1   2   1   1
  14 |   1   2   1   2   2   1   1   2   1   2   1   1   1   1   2
==================================================================
  P0 |   0   1   2   3   4   5   6   7   8   9  10  11  12  13  14
------ --- --- --- --- --- --- --- --- --- --- --- --- --- --- ---
   0 |   1   1   1   2   2   1   1   1   1   1   2   2   1   1   1
   1 |   2   1   1   1   2   2   2   1   2   2   1   1   1   1   1
   2 |   1   1   2   1   2   1   1   2   1   1   1   1   1   1   2
   3 |   1   2   1   2   1   1   2   1   2   1   1   1   1   1   1
   4 |   2   1   2   1   1   1   1   1   1   1   1   1   2   1   1
   5 |   2   1   1   1   1   1   2   1   1   2   1   1   2   1   1
   6 |   2   1   1   1   1   1   1   1   1   1   2   1   1   2   2
   7 |   2   2   2   2   1   2   1   1   1   2   1   1   1   1   1
   8 |   1   2   2   1   1   1   1   2   2   1   1   1   1   1   1
   9 |   2   2   1   1   1   2   2   1   1   1   1   1   2   1   2
  10 |   2   2   1   2   1   1   1   1   1   1   2   1   1   2   1
  11 |   1   1   1   1   1   1   1   2   1   1   1   1   2   1   1
  12 |   2   1   1   2   1   2   1   2   2   1   1   1   1   1   1
  13 |   1   2   2   1   1   2   2   1   1   2   1   2   1   1   1
  14 |   1   1   1   1   1   1   1   1   1   2   2   2   1   2   2
==================================================================
  P1 |   0   1   2   3   4   5   6   7   8   9  10  11  12  13  14
------ --- --- --- --- --- --- --- --- --- --- --- --- --- --- ---
   0 |   1   1   1   1   1   1   1   2   1   2   1   1   1   2   1
   1 |   2   1   1   1   1   1   1   1   1   2   2   1   1   1   1
   2 |   2   1   1   1   1   1   1   1   1   1   1   1   1   2   1
   3 |   1   1   2   1   2   1   1   1   1   1   1   1   1   2   2
   4 |   2   1   1   1   1   2   1   1   2   1   1   2   1   1   2
   5 |   2   1   1   1   1   2   2   2   1   1   1   1   1   1   2
   6 |   1   1   1   1   1   1   1   1   2   1   2   1   1   2   2
   7 |   1   1   1   1   1   1   2   1   1   2   1   2   1   1   1
   8 |   1   2   1   2   1   1   1   1   2   1   1   1   1   2   2
   9 |   1   1   1   1   1   1   2   2   1   2   1   1   2   1   1
  10 |   2   1   1   1   1   1   1   2   1   1   1   1   1   2   1
  11 |   2   2   1   2   1   1   2   1   1   1   1   1   1   2   1
  12 |   2   1   2   2   1   1   2   2   1   1   1   2   1   1   1
  13 |   2   1   1   1   1   1   1   1   1   1   2   1   2   1   1
  14 |   1   2   1   2   2   1   1   2   1   2   1   1   1   1   2
==================================================================
Eval at time step 3000000.

GAME: Bertrand's monopoly
PLAYER 0: AdaptGreedyPlayer
  alpha = 0.1, beta = 2e-06, gamma = 0.95, horizon = 1,
  #actions = 15, actions = [1.601565   1.61169214 1.62181929 1.63194643 1.64207357 1.65220071
 1.66232786 1.672455   1.68258214 1.69270929 1.70283643 1.71296357
 1.72309071 1.73321786 1.743345  ].
PLAYER 1: AdaptGreedyPlayer
  alpha = 0.1, beta = 2e-06, gamma = 0.95, horizon = 1,
  #actions = 15, actions = [1.601565   1.61169214 1.62181929 1.63194643 1.64207357 1.65220071
 1.66232786 1.672455   1.68258214 1.69270929 1.70283643 1.71296357
 1.72309071 1.73321786 1.743345  ].


  P0 |   0   1   2   3   4   5   6   7   8   9  10  11  12  13  14
------ --- --- --- --- --- --- --- --- --- --- --- --- --- --- ---
   0 |   1   1   1   2   2   1   1   1   1   1   1   2   1   1   1
   1 |   2   1   1   1   2   2   2   1   2   2   1   2   1   1   1
   2 |   2   2   2   1   2   1   1   2   2   1   1   1   1   1   1
   3 |   1   2   1   2   1   1   1   1   2   1   1   2   1   1   1
   4 |   2   2   2   1   1   1   1   1   1   1   1   1   2   2   1
   5 |   2   1   1   1   1   1   2   2   1   2   1   1   1   1   1
   6 |   2   2   1   1   1   1   1   1   1   1   0   1   1   2   2
   7 |   2   2   2   1   1   1   1   1   1   2   2   2   1   2   1
   8 |   2   2   2   1   1   1   2   2   2   1   1   1   1   2   1
   9 |   2   2   1   1   1   2   2   1   1   1   2   1   2   1   2
  10 |   2   2   1   2   1   1   1   1   1   1   2   1   1   2   1
  11 |   1   3   1   1   1   1   1   2   1   1   1   1   2   1   2
  12 |   2   1   1   2   1   2   1   1   2   1   1   1   1   1   1
  13 |   1   2   2   1   1   2   2   1   1   2   1   2   1   1   1
  14 |   1   1   1   1   1   2   1   1   1   2   2   2   1   2   2
==================================================================
  P1 |   0   1   2   3   4   5   6   7   8   9  10  11  12  13  14
------ --- --- --- --- --- --- --- --- --- --- --- --- --- --- ---
   0 |   1   1   1   1   1   1   1   2   1   2   1   1   1   1   1
   1 |   2   1   1   1   1   1   1   2   1   2   2   1   1   1   1
   2 |   2   1   1   1   2   1   1   1   1   2   1   1   1   2   1
   3 |   1   1   2   2   2   2   1   1   1   1   2   2   1   2   2
   4 |   2   1   1   1   1   2   1   1   2   1   1   2   1   1   1
   5 |   2   1   2   1   2   2   1   2   1   1   1   1   1   1   2
   6 |   1   1   2   1   1   1   1   1   2   1   2   1   2   2   2
   7 |   1   1   1   1   1   1   2   1   1   2   1   2   1   1   1
   8 |   1   2   2   2   1   1   1   1   2   1   1   1   2   2   2
   9 |   1   1   1   0   1   1   0   2   1   2   1   1   2   1   1
  10 |   2   1   1   2   1   1   1   2   1   1   1   1   1   2   1
  11 |   0   2   1   2   1   1   2   1   1   1   2   1   1   2   1
  12 |   1   2   1   2   1   1   2   2   2   1   2   2   1   1   1
  13 |   2   1   1   1   1   2   1   1   1   1   2   1   2   1   1
  14 |   1   2   1   2   2   1   1   2   1   2   1   1   2   1   2
==================================================================
  P0 |   0   1   2   3   4   5   6   7   8   9  10  11  12  13  14
------ --- --- --- --- --- --- --- --- --- --- --- --- --- --- ---
   0 |   1   1   1   2   2   1   1   1   1   1   1   2   1   1   1
   1 |   2   1   1   1   2   2   2   1   2   2   1   2   1   1   1
   2 |   2   2   2   1   2   1   1   2   2   1   1   1   1   1   1
   3 |   1   2   1   2   1   1   1   1   2   1   1   2   1   1   1
   4 |   2   2   2   1   1   1   1   1   1   1   1   1   2   2   1
   5 |   2   1   1   1   1   1   2   2   1   2   1   1   1   1   1
   6 |   2   2   1   1   1   1   1   1   1   1   0   1   1   2   2
   7 |   2   2   2   1   1   1   1   1   1   2   2   2   1   2   1
   8 |   2   2   2   1   1   1   2   2   2   1   1   1   1   2   1
   9 |   2   2   1   1   1   2   2   1   1   1   2   1   2   1   2
  10 |   2   2   1   2   1   1   1   1   1   1   2   1   1   2   1
  11 |   1   3   1   1   1   1   1   2   1   1   1   1   2   1   2
  12 |   2   1   1   2   1   2   1   1   2   1   1   1   1   1   1
  13 |   1   2   2   1   1   2   2   1   1   2   1   2   1   1   1
  14 |   1   1   1   1   1   2   1   1   1   2   2   2   1   2   2
==================================================================
  P1 |   0   1   2   3   4   5   6   7   8   9  10  11  12  13  14
------ --- --- --- --- --- --- --- --- --- --- --- --- --- --- ---
   0 |   1   1   1   1   1   1   1   2   1   2   1   1   1   1   1
   1 |   2   1   1   1   1   1   1   2   1   2   2   1   1   1   1
   2 |   2   1   1   1   2   1   1   1   1   2   1   1   1   2   1
   3 |   1   1   2   2   2   2   1   1   1   1   2   2   1   2   2
   4 |   2   1   1   1   1   2   1   1   2   1   1   2   1   1   1
   5 |   2   1   2   1   2   2   1   2   1   1   1   1   1   1   2
   6 |   1   1   2   1   1   1   1   1   2   1   2   1   2   2   2
   7 |   1   1   1   1   1   1   2   1   1   2   1   2   1   1   1
   8 |   1   2   2   2   1   1   1   1   2   1   1   1   2   2   2
   9 |   1   1   1   0   1   1   0   2   1   2   1   1   2   1   1
  10 |   2   1   1   2   1   1   1   2   1   1   1   1   1   2   1
  11 |   0   2   1   2   1   1   2   1   1   1   2   1   1   2   1
  12 |   1   2   1   2   1   1   2   2   2   1   2   2   1   1   1
  13 |   2   1   1   1   1   2   1   1   1   1   2   1   2   1   1
  14 |   1   2   1   2   2   1   1   2   1   2   1   1   2   1   2
==================================================================
Eval at time step 4000000.

GAME: Bertrand's monopoly
PLAYER 0: AdaptGreedyPlayer
  alpha = 0.1, beta = 2e-06, gamma = 0.95, horizon = 1,
  #actions = 15, actions = [1.601565   1.61169214 1.62181929 1.63194643 1.64207357 1.65220071
 1.66232786 1.672455   1.68258214 1.69270929 1.70283643 1.71296357
 1.72309071 1.73321786 1.743345  ].
PLAYER 1: AdaptGreedyPlayer
  alpha = 0.1, beta = 2e-06, gamma = 0.95, horizon = 1,
  #actions = 15, actions = [1.601565   1.61169214 1.62181929 1.63194643 1.64207357 1.65220071
 1.66232786 1.672455   1.68258214 1.69270929 1.70283643 1.71296357
 1.72309071 1.73321786 1.743345  ].


